<?xml version="1.0" encoding="UTF-8"?>
<testng-results ignored="0" total="1" passed="0" failed="1" skipped="0">
  <reporter-output>
  </reporter-output>
  <suite started-at="2024-11-27T16:47:29 IST" name="CZTFFASuite" finished-at="2024-11-27T16:49:09 IST" duration-ms="100021">
    <groups>
      <group name="cucumber">
        <method signature="AbstractTestNGCucumberTests.runScenario(io.cucumber.testng.PickleWrapper,io.cucumber.testng.FeatureWrapper)[pri:0, instance:com.cztffa.cucumber.parallel.CZTFFAFeatureRunner@353352b6]" name="runScenario" class="io.cucumber.testng.AbstractTestNGCucumberTests"/>
      </group> <!-- cucumber -->
    </groups>
    <test started-at="2024-11-27T16:47:29 IST" name="cucumber" finished-at="2024-11-27T16:49:09 IST" duration-ms="100021">
      <class name="com.cztffa.cucumber.parallel.CZTFFAFeatureRunner">
        <test-method is-config="true" signature="setUpClass(org.testng.ITestContext)[pri:0, instance:com.cztffa.cucumber.parallel.CZTFFAFeatureRunner@353352b6]" started-at="2024-11-27T16:47:29 IST" name="setUpClass" finished-at="2024-11-27T16:47:30 IST" duration-ms="795" status="PASS">
          <params>
            <param index="0">
              <value>
                <![CDATA[org.testng.TestRunner@527fc8e]]>
              </value>
            </param>
          </params>
          <reporter-output>
          </reporter-output>
        </test-method> <!-- setUpClass -->
        <test-method signature="runScenario(io.cucumber.testng.PickleWrapper,io.cucumber.testng.FeatureWrapper)[pri:0, instance:com.cztffa.cucumber.parallel.CZTFFAFeatureRunner@353352b6]" started-at="2024-11-27T16:47:30 IST" name="runScenario" description="Runs Cucumber Scenarios" data-provider="scenarios" finished-at="2024-11-27T16:49:08 IST" duration-ms="98611" status="FAIL">
          <params>
            <param index="0">
              <value>
                <![CDATA["Happy flow of single applicant scenario"]]>
              </value>
            </param>
            <param index="1">
              <value>
                <![CDATA["Review page flow"]]>
              </value>
            </param>
          </params>
          <exception class="com.cztffa.exception.UXException">
            <message>
              <![CDATA[Element <button class="btn btn-primary d-block w-100 m-auto btn-lg mw-490 tf-step-action-next" type="submit"> is not clickable at point (1055,740) because another element <div class="tf-spinner-overlay"> obscures it
No cause returned]]>
            </message>
            <full-stacktrace>
              <![CDATA[com.cztffa.exception.UXException: Element <button class="btn btn-primary d-block w-100 m-auto btn-lg mw-490 tf-step-action-next" type="submit"> is not clickable at point (1055,740) because another element <div class="tf-spinner-overlay"> obscures it
No cause returned
at com.cztffa.driver.SeleniumUIDriver.createUXException(SeleniumUIDriver.java:143)
at com.cztffa.driver.SeleniumUIDriver.exceptionHandler(SeleniumUIDriver.java:93)
at com.cztffa.browseractions.BrowserActions.handleWebDriverException(BrowserActions.java:2155)
at com.cztffa.browseractions.BrowserActions.clickButton(BrowserActions.java:128)
at com.cztffa.cucumber.parallel.ProductStepDefinition.startApplication(ProductStepDefinition.java:206)
at ✽.: click on start Application(file:///Users/ar185458/Downloads/cucumber/src/test/resources/com/cztffa/cucumber/consumer_digital_parallel/Review.feature:12)
]]>
            </full-stacktrace>
          </exception> <!-- com.cztffa.exception.UXException -->
          <reporter-output>
          </reporter-output>
        </test-method> <!-- runScenario -->
        <test-method is-config="true" signature="tearDownClass()[pri:0, instance:com.cztffa.cucumber.parallel.CZTFFAFeatureRunner@353352b6]" started-at="2024-11-27T16:49:08 IST" name="tearDownClass" finished-at="2024-11-27T16:49:09 IST" duration-ms="470" status="PASS">
          <reporter-output>
          </reporter-output>
        </test-method> <!-- tearDownClass -->
      </class> <!-- com.cztffa.cucumber.parallel.CZTFFAFeatureRunner -->
    </test> <!-- cucumber -->
  </suite> <!-- CZTFFASuite -->
</testng-results>
